<?xml version="1.0" encoding="UTF-8"?>
<!-- Generated by org.testng.reporters.JUnitReportReporter -->
<testsuite hostname="Imad-PC" name="com.omego.uddinOmego.testCases.verifyNavigateToAboutOmego" tests="2" failures="0" timestamp="19 Apr 2016 16:49:16 GMT" time="16.505" errors="0">
  <testcase name="verify" time="2.948" classname="com.omego.uddinOmego.testCases.verifyNavigateToAboutOmego"/>
  <testcase name="verifyNavigateToAboutOmeg" time="13.557" classname="com.omego.uddinOmego.testCases.verifyNavigateToAboutOmego"/>
</testsuite> <!-- com.omego.uddinOmego.testCases.verifyNavigateToAboutOmego -->
