<?xml version="1.0" encoding="UTF-8"?>
<!-- Generated by org.testng.reporters.JUnitReportReporter -->
<testsuite hostname="Imad-PC" name="com.omego.uddinOmego.testCases.Ts001_Tc003_VerifyLeadershipTeamPage" tests="1" failures="0" timestamp="20 Apr 2016 04:18:56 GMT" time="4.748" errors="0">
  <testcase name="verifyLeadershipPage" time="4.748" classname="com.omego.uddinOmego.testCases.Ts001_Tc003_VerifyLeadershipTeamPage"/>
</testsuite> <!-- com.omego.uddinOmego.testCases.Ts001_Tc003_VerifyLeadershipTeamPage -->
