<?xml version="1.0" encoding="UTF-8"?>
<!-- Generated by org.testng.reporters.JUnitReportReporter -->
<testsuite hostname="Imad-PC" name="com.omego.uddinOmego.testCases.Ts001_Tc002_VerifyNavigateOmgeoAlertPage" tests="1" failures="0" timestamp="20 Apr 2016 04:00:30 GMT" time="3.755" errors="0">
  <testcase name="verifyNavigateToOmegoAlert" time="3.755" classname="com.omego.uddinOmego.testCases.Ts001_Tc002_VerifyNavigateOmgeoAlertPage"/>
</testsuite> <!-- com.omego.uddinOmego.testCases.Ts001_Tc002_VerifyNavigateOmgeoAlertPage -->
