<?xml version="1.0" encoding="UTF-8"?>
<!-- Generated by org.testng.reporters.JUnitReportReporter -->
<testsuite hostname="Imad-PC" name="com.omego.uddinOmego.testCases.Ts001_Tc003_VerifyLeadershipTeamPage" tests="1" failures="0" timestamp="20 Apr 2016 04:00:30 GMT" time="9.833" errors="0">
  <testcase name="verifyLeadershipPage" time="9.833" classname="com.omego.uddinOmego.testCases.Ts001_Tc003_VerifyLeadershipTeamPage"/>
</testsuite> <!-- com.omego.uddinOmego.testCases.Ts001_Tc003_VerifyLeadershipTeamPage -->
